
Due to MODULEPATH changes the following have been reloaded:
  1) FFTW/3.3.4            15) cairo/1.14.6       29) libXrender/0.9.9
  2) GDAL/2.0.2            16) expat/2.1.0        30) libXt/1.1.5
  3) GLib/2.47.5           17) fontconfig/2.11.94 31) libffi/3.2.1
  4) GMP/6.1.0             18) freetype/2.6.2     32) libjpeg-turbo/1.4.2
  5) HDF5/1.8.16           19) gettext/0.19.6     33) libpng/1.6.21
  6) LibTIFF/4.0.6         20) libICE/1.0.9       34) libreadline/6.3
  7) NASM/2.11.08          21) libSM/1.2.2        35) libxcb/1.11.1
  8) PCRE/8.38             22) libX11/1.6.3       36) libxml2/2.9.3
  9) PROJ/4.9.2            23) libXau/1.0.8       37) ncurses/6.0
 10) Szip/2.1              24) libXdmcp/1.1.2     38) netCDF/4.3.3.1
 11) Tcl/8.6.4             25) libXext/1.3.3      39) numactl/2.0.11
 12) Tk/8.6.4-libX11-1.6.3 26) libXft/2.3.2       40) pixman/0.34.0
 13) bzip2/1.0.6           27) libXmu/1.1.2       41) xtrans/1.3.5
 14) cURL/7.47.0           28) libXpm/3.5.11      42) zlib/1.2.8

The following have been reloaded with a version change:
  1) Java/1.8.0_72 => Java/1.8.0_92
  2) SAMtools/1.3.1-HTSlib-1.3.1 => SAMtools/1.3.1

Warning: Could not access "/home/stefanl/git/SLURM_bioinformatics_scripts/t/data/AbsolutelyEmpty.sra" for reading; skipping...
Error: No input SRA accessions were valid
(ERR): hisat2-align exited with value 1
needLargeMem: trying to allocate 0 bytes (limit: 100000000000)
